<?xml version="1.0" encoding="UTF-8"?><testsuite errors="1" failures="0" name="Como usuario del portal demoqa" skipped="0" tests="3" time="327.91" timestamp="2023-10-22 07:10:25"><testcase name="Extraer la informacion e ingresarla al reporte"/><testcase name="Ingresar la informacion en el modulo Practice Form"/><testcase name="Eliminar la cuenta"><error message="Timed out after 2 seconds. Element not found&#10;For documentation on this error, please visit: https://selenium.dev/exceptions/#no_such_element&#10;Build info: version: '4.1.1', revision: 'e8fcc2cecf'&#10;System info: host: 'LAPTOP-548RBPKP', ip: '192.168.1.11', os.name: 'Windows 10', os.arch: 'amd64', os.version: '10.0', java.version: '15.0.2'&#10;Driver info: driver.version: RemoteWebDriver&#10;For documentation on this error, please visit: https://selenium.dev/exceptions/#no_such_element&#10;Build info: version: '4.1.1', revision: 'e8fcc2cecf'&#10;System info: host: 'LAPTOP-548RBPKP', ip: '192.168.1.11', os.name: 'Windows 10', os.arch: 'amd64', os.version: '10.0', java.version: '15.0.2'&#10;Driver info: driver.version: unknown" type="org.openqa.selenium.NoSuchElementException">Timed out after 2 seconds. Element not found
For documentation on this error, please visit: https://selenium.dev/exceptions/#no_such_element
Build info: version: '4.1.1', revision: 'e8fcc2cecf'
System info: host: 'LAPTOP-548RBPKP', ip: '192.168.1.11', os.name: 'Windows 10', os.arch: 'amd64', os.version: '10.0', java.version: '15.0.2'
Driver info: driver.version: RemoteWebDriver
For documentation on this error, please visit: https://selenium.dev/exceptions/#no_such_element
Build info: version: '4.1.1', revision: 'e8fcc2cecf'
System info: host: 'LAPTOP-548RBPKP', ip: '192.168.1.11', os.name: 'Windows 10', os.arch: 'amd64', os.version: '10.0', java.version: '15.0.2'
Driver info: driver.version: unknown</error><system-err>Timed out after 2 seconds. Element not found
For documentation on this error, please visit: https://selenium.dev/exceptions/#no_such_element
Build info: version: '4.1.1', revision: 'e8fcc2cecf'
System info: host: 'LAPTOP-548RBPKP', ip: '192.168.1.11', os.name: 'Windows 10', os.arch: 'amd64', os.version: '10.0', java.version: '15.0.2'
Driver info: driver.version: RemoteWebDriver
For documentation on this error, please visit: https://selenium.dev/exceptions/#no_such_element
Build info: version: '4.1.1', revision: 'e8fcc2cecf'
System info: host: 'LAPTOP-548RBPKP', ip: '192.168.1.11', os.name: 'Windows 10', os.arch: 'amd64', os.version: '10.0', java.version: '15.0.2'
Driver info: driver.version: unknown&#13;
utils.Tools.scrollElement(Tools.java:37)&#13;
page.LibrosPage.ingresarAlModuloBookStoreApplicationYEliminarLaCuenta(LibrosPage.java:139)&#13;
stepsDefinition.LibrosDefinition.ingresarAlModuloBookStoreApplicationYEliminarLaCuenta(LibrosDefinition.java:49)&#13;
✽.Ingresar al modulo Book Store Application y eliminar la cuenta(file:///C:/Users/jhons/IdeaProjects/demo-qa/src/test/resources/features/AlertsFrameWindows.feature:31)&#13;
</system-err></testcase></testsuite>